0 silly argv {
0 silly argv   _: [ 'run' ],
0 silly argv   scope: [ '@oyster/common', 'web' ],
0 silly argv   stream: true,
0 silly argv   parallel: true,
0 silly argv   lernaVersion: '3.22.1',
0 silly argv   '$0': 'node_modules/.bin/lerna',
0 silly argv   script: 'start'
0 silly argv }
1 notice cli v3.22.1
2 verbose rootPath /home/ubuntu/metaplex/js
3 info versioning independent
4 info ci enabled
5 notice filter including ["@oyster/common","web"]
6 info filter [ '@oyster/common', 'web' ]
7 info Executing command in 2 packages: "yarn run start"
8 silly npmRunScript.stream [ 'start', [], '@oyster/common' ]
9 silly getExecOpts /home/ubuntu/metaplex/js/packages/common undefined
10 silly npmRunScript.stream [ 'start', [], 'web' ]
11 silly getExecOpts /home/ubuntu/metaplex/js/packages/web undefined
12 error MaxBufferError: stderr maxBuffer exceeded
12 error     at PassThrough.<anonymous> (/home/ubuntu/metaplex/js/node_modules/execa/node_modules/get-stream/index.js:41:19)
12 error     at PassThrough.emit (events.js:412:35)
12 error     at addChunk (internal/streams/readable.js:293:12)
12 error     at readableAddChunk (internal/streams/readable.js:263:11)
12 error     at PassThrough.Readable.push (internal/streams/readable.js:206:10)
12 error     at PassThrough.Transform.push (internal/streams/transform.js:166:32)
12 error     at PassThrough.afterTransform (internal/streams/transform.js:101:10)
12 error     at PassThrough._transform (internal/streams/passthrough.js:46:3)
12 error     at PassThrough.Transform._read (internal/streams/transform.js:205:10)
